TN:
SF:E:\Workspaces\IT\Ferrymen\fm-ui-vue\src\components\button\Button.tsx
FN:10,(anonymous_6)
FN:11,(anonymous_8)
FNF:2
FNH:2
FNDA:3,(anonymous_6)
FNDA:1,(anonymous_8)
DA:10,1
DA:11,1
DA:12,1
DA:23,1
LF:4
LH:4
BRF:0
BRH:0
end_of_record
TN:
SF:E:\Workspaces\IT\Ferrymen\fm-ui-vue\src\components\button\button.scss
FNF:0
FNH:0
LF:0
LH:0
BRF:0
BRH:0
end_of_record
TN:
SF:E:\Workspaces\IT\Ferrymen\fm-ui-vue\src\mixins\ButtonMixin.ts
FN:10,(anonymous_6)
FN:11,(anonymous_8)
FNF:2
FNH:1
FNDA:5,(anonymous_6)
FNDA:0,(anonymous_8)
DA:10,1
DA:11,1
DA:12,0
DA:14,1
LF:4
LH:3
BRF:0
BRH:0
end_of_record
